<?xml version="1.0" encoding="utf-8"?><testsuites name="pytest tests"><testsuite name="pytest" errors="0" failures="0" skipped="0" tests="15" time="6.838" timestamp="2026-04-17T21:10:42.235657+00:00" hostname="agent-env-7fe7e582-cbaa-4511-9034-39c8fea0cad3"><testcase classname="tests.test_api_endpoints.TestHealthCheck" name="test_api_root" time="0.272" /><testcase classname="tests.test_api_endpoints.TestLeaguesEndpoint" name="test_get_leagues" time="0.169" /><testcase classname="tests.test_api_endpoints.TestNewsEndpoint" name="test_get_premier_league_news" time="0.158" /><testcase classname="tests.test_api_endpoints.TestNewsEndpoint" name="test_get_la_liga_news" time="0.778" /><testcase classname="tests.test_api_endpoints.TestNewsEndpoint" name="test_get_serie_a_news" time="0.750" /><testcase classname="tests.test_api_endpoints.TestNewsEndpoint" name="test_get_bundesliga_news" time="0.747" /><testcase classname="tests.test_api_endpoints.TestNewsEndpoint" name="test_get_ligue_1_news" time="0.520" /><testcase classname="tests.test_api_endpoints.TestNewsEndpoint" name="test_invalid_league_news" time="0.103" /><testcase classname="tests.test_api_endpoints.TestStandingsEndpoint" name="test_get_premier_league_standings" time="0.138" /><testcase classname="tests.test_api_endpoints.TestStandingsEndpoint" name="test_get_la_liga_standings" time="0.751" /><testcase classname="tests.test_api_endpoints.TestStandingsEndpoint" name="test_invalid_league_standings" time="0.151" /><testcase classname="tests.test_api_endpoints.TestMatchesEndpoint" name="test_get_premier_league_matches" time="0.164" /><testcase classname="tests.test_api_endpoints.TestMatchesEndpoint" name="test_get_la_liga_matches" time="0.249" /><testcase classname="tests.test_api_endpoints.TestMatchesEndpoint" name="test_invalid_league_matches" time="0.109" /><testcase classname="tests.test_api_endpoints.TestAllNewsEndpoint" name="test_get_all_news" time="1.683" /></testsuite></testsuites>