<?xml version="1.0" encoding="utf-8"?><testsuites name="pytest tests"><testsuite name="pytest" errors="0" failures="0" skipped="0" tests="26" time="9.320" timestamp="2026-04-17T21:24:37.018677+00:00" hostname="agent-env-7fe7e582-cbaa-4511-9034-39c8fea0cad3"><testcase classname="tests.test_api_endpoints.TestHealthCheck" name="test_api_root" time="0.262" /><testcase classname="tests.test_api_endpoints.TestLeaguesEndpoint" name="test_get_leagues" time="0.145" /><testcase classname="tests.test_api_endpoints.TestNewsEndpoint" name="test_get_premier_league_news" time="0.150" /><testcase classname="tests.test_api_endpoints.TestNewsEndpoint" name="test_get_la_liga_news" time="0.498" /><testcase classname="tests.test_api_endpoints.TestNewsEndpoint" name="test_get_serie_a_news" time="0.536" /><testcase classname="tests.test_api_endpoints.TestNewsEndpoint" name="test_get_bundesliga_news" time="0.515" /><testcase classname="tests.test_api_endpoints.TestNewsEndpoint" name="test_get_ligue_1_news" time="0.850" /><testcase classname="tests.test_api_endpoints.TestNewsEndpoint" name="test_invalid_league_news" time="0.215" /><testcase classname="tests.test_api_endpoints.TestStandingsEndpoint" name="test_get_premier_league_standings" time="0.424" /><testcase classname="tests.test_api_endpoints.TestStandingsEndpoint" name="test_get_la_liga_standings" time="0.109" /><testcase classname="tests.test_api_endpoints.TestStandingsEndpoint" name="test_invalid_league_standings" time="0.118" /><testcase classname="tests.test_api_endpoints.TestMatchesEndpoint" name="test_get_premier_league_matches" time="0.814" /><testcase classname="tests.test_api_endpoints.TestMatchesEndpoint" name="test_get_la_liga_matches" time="0.461" /><testcase classname="tests.test_api_endpoints.TestMatchesEndpoint" name="test_invalid_league_matches" time="0.126" /><testcase classname="tests.test_api_endpoints.TestAllNewsEndpoint" name="test_get_all_news" time="1.972" /><testcase classname="tests.test_api_endpoints.TestSearchEndpoint" name="test_search_liverpool" time="0.138" /><testcase classname="tests.test_api_endpoints.TestSearchEndpoint" name="test_search_salah" time="0.119" /><testcase classname="tests.test_api_endpoints.TestSearchEndpoint" name="test_search_with_league_filter" time="0.126" /><testcase classname="tests.test_api_endpoints.TestSearchEndpoint" name="test_search_short_query" time="0.111" /><testcase classname="tests.test_api_endpoints.TestSearchEndpoint" name="test_search_no_results" time="0.106" /><testcase classname="tests.test_api_endpoints.TestNewsDetailEndpoint" name="test_get_news_detail" time="0.611" /><testcase classname="tests.test_api_endpoints.TestNewsDetailEndpoint" name="test_get_news_detail_invalid_league" time="0.124" /><testcase classname="tests.test_api_endpoints.TestNewsDetailEndpoint" name="test_get_news_detail_invalid_id" time="0.160" /><testcase classname="tests.test_api_endpoints.TestPushTokenEndpoint" name="test_register_push_token" time="0.142" /><testcase classname="tests.test_api_endpoints.TestPushTokenEndpoint" name="test_register_push_token_no_token" time="0.127" /><testcase classname="tests.test_api_endpoints.TestPushTokenEndpoint" name="test_register_push_token_update" time="0.241" /></testsuite></testsuites>