<?xml version="1.0" encoding="utf-8"?><testsuites name="pytest tests"><testsuite name="pytest" errors="0" failures="0" skipped="0" tests="11" time="1.771" timestamp="2026-04-17T21:56:08.621514+00:00" hostname="agent-env-7fe7e582-cbaa-4511-9034-39c8fea0cad3"><testcase classname="tests.test_league_data_verification.TestLaLigaDataCorrectness" name="test_la_liga_standings_returns_spanish_teams" time="0.235" /><testcase classname="tests.test_league_data_verification.TestLaLigaDataCorrectness" name="test_la_liga_news_returns_spanish_league_news" time="0.146" /><testcase classname="tests.test_league_data_verification.TestLaLigaDataCorrectness" name="test_la_liga_matches_returns_spanish_teams" time="0.130" /><testcase classname="tests.test_league_data_verification.TestLigue1DataCorrectness" name="test_ligue_1_standings_returns_french_teams" time="0.149" /><testcase classname="tests.test_league_data_verification.TestLigue1DataCorrectness" name="test_ligue_1_news_returns_french_league_news" time="0.146" /><testcase classname="tests.test_league_data_verification.TestSerieADataCorrectness" name="test_serie_a_standings_returns_italian_teams" time="0.166" /><testcase classname="tests.test_league_data_verification.TestSerieADataCorrectness" name="test_serie_a_news_returns_italian_league_news" time="0.162" /><testcase classname="tests.test_league_data_verification.TestBundesligaDataCorrectness" name="test_bundesliga_standings_returns_german_teams" time="0.142" /><testcase classname="tests.test_league_data_verification.TestBundesligaDataCorrectness" name="test_bundesliga_news_returns_german_league_news" time="0.117" /><testcase classname="tests.test_league_data_verification.TestPremierLeagueDataCorrectness" name="test_premier_league_standings_returns_english_teams" time="0.174" /><testcase classname="tests.test_league_data_verification.TestPremierLeagueDataCorrectness" name="test_premier_league_news_returns_english_league_news" time="0.115" /></testsuite></testsuites>